   1               		.file	"keymap_common.c"
   2               	__SP_H__ = 0x3e
   3               	__SP_L__ = 0x3d
   4               	__SREG__ = 0x3f
   5               	__tmp_reg__ = 0
   6               	__zero_reg__ = 1
   7               		.text
   8               	.Ltext0:
   9               		.cfi_sections	.debug_frame
  10               		.section	.text.action_get_macro,"ax",@progbits
  11               		.weak	action_get_macro
  13               	action_get_macro:
  14               	.LFB108:
  15               		.file 1 "quantum/keymap_common.c"
   1:quantum/keymap_common.c **** /*
   2:quantum/keymap_common.c **** Copyright 2012,2013 Jun Wako <wakojun@gmail.com>
   3:quantum/keymap_common.c **** 
   4:quantum/keymap_common.c **** This program is free software: you can redistribute it and/or modify
   5:quantum/keymap_common.c **** it under the terms of the GNU General Public License as published by
   6:quantum/keymap_common.c **** the Free Software Foundation, either version 2 of the License, or
   7:quantum/keymap_common.c **** (at your option) any later version.
   8:quantum/keymap_common.c **** 
   9:quantum/keymap_common.c **** This program is distributed in the hope that it will be useful,
  10:quantum/keymap_common.c **** but WITHOUT ANY WARRANTY; without even the implied warranty of
  11:quantum/keymap_common.c **** MERCHANTABILITY or FITNESS FOR A PARTICULAR PURPOSE.  See the
  12:quantum/keymap_common.c **** GNU General Public License for more details.
  13:quantum/keymap_common.c **** 
  14:quantum/keymap_common.c **** You should have received a copy of the GNU General Public License
  15:quantum/keymap_common.c **** along with this program.  If not, see <http://www.gnu.org/licenses/>.
  16:quantum/keymap_common.c **** */
  17:quantum/keymap_common.c **** 
  18:quantum/keymap_common.c **** #include "keymap.h"
  19:quantum/keymap_common.c **** #include "report.h"
  20:quantum/keymap_common.c **** #include "keycode.h"
  21:quantum/keymap_common.c **** #include "action_layer.h"
  22:quantum/keymap_common.c **** #if defined(__AVR__)
  23:quantum/keymap_common.c **** #include <util/delay.h>
  24:quantum/keymap_common.c **** #include <stdio.h>
  25:quantum/keymap_common.c **** #endif
  26:quantum/keymap_common.c **** #include "action.h"
  27:quantum/keymap_common.c **** #include "action_macro.h"
  28:quantum/keymap_common.c **** #include "debug.h"
  29:quantum/keymap_common.c **** #include "backlight.h"
  30:quantum/keymap_common.c **** #include "quantum.h"
  31:quantum/keymap_common.c **** 
  32:quantum/keymap_common.c **** #ifdef MIDI_ENABLE
  33:quantum/keymap_common.c **** 	#include "process_midi.h"
  34:quantum/keymap_common.c **** #endif
  35:quantum/keymap_common.c **** 
  36:quantum/keymap_common.c **** extern keymap_config_t keymap_config;
  37:quantum/keymap_common.c **** 
  38:quantum/keymap_common.c **** #include <inttypes.h>
  39:quantum/keymap_common.c **** 
  40:quantum/keymap_common.c **** /* converts key to action */
  41:quantum/keymap_common.c **** action_t action_for_key(uint8_t layer, keypos_t key)
  42:quantum/keymap_common.c **** {
  43:quantum/keymap_common.c ****     // 16bit keycodes - important
  44:quantum/keymap_common.c ****     uint16_t keycode = keymap_key_to_keycode(layer, key);
  45:quantum/keymap_common.c **** 
  46:quantum/keymap_common.c ****     // keycode remapping
  47:quantum/keymap_common.c ****     keycode = keycode_config(keycode);
  48:quantum/keymap_common.c **** 
  49:quantum/keymap_common.c ****     action_t action;
  50:quantum/keymap_common.c ****     uint8_t action_layer, when, mod;
  51:quantum/keymap_common.c **** 
  52:quantum/keymap_common.c ****     switch (keycode) {
  53:quantum/keymap_common.c ****         case KC_FN0 ... KC_FN31:
  54:quantum/keymap_common.c ****             action.code = keymap_function_id_to_action(FN_INDEX(keycode));
  55:quantum/keymap_common.c ****             break;
  56:quantum/keymap_common.c ****         case KC_A ... KC_EXSEL:
  57:quantum/keymap_common.c ****         case KC_LCTRL ... KC_RGUI:
  58:quantum/keymap_common.c ****             action.code = ACTION_KEY(keycode);
  59:quantum/keymap_common.c ****             break;
  60:quantum/keymap_common.c ****         case KC_SYSTEM_POWER ... KC_SYSTEM_WAKE:
  61:quantum/keymap_common.c ****             action.code = ACTION_USAGE_SYSTEM(KEYCODE2SYSTEM(keycode));
  62:quantum/keymap_common.c ****             break;
  63:quantum/keymap_common.c ****         case KC_AUDIO_MUTE ... KC_MEDIA_REWIND:
  64:quantum/keymap_common.c ****             action.code = ACTION_USAGE_CONSUMER(KEYCODE2CONSUMER(keycode));
  65:quantum/keymap_common.c ****             break;
  66:quantum/keymap_common.c ****         case KC_MS_UP ... KC_MS_ACCEL2:
  67:quantum/keymap_common.c ****             action.code = ACTION_MOUSEKEY(keycode);
  68:quantum/keymap_common.c ****             break;
  69:quantum/keymap_common.c ****         case KC_TRNS:
  70:quantum/keymap_common.c ****             action.code = ACTION_TRANSPARENT;
  71:quantum/keymap_common.c ****             break;
  72:quantum/keymap_common.c ****         case QK_MODS ... QK_MODS_MAX: ;
  73:quantum/keymap_common.c ****             // Has a modifier
  74:quantum/keymap_common.c ****             // Split it up
  75:quantum/keymap_common.c ****             action.code = ACTION_MODS_KEY(keycode >> 8, keycode & 0xFF); // adds modifier to key
  76:quantum/keymap_common.c ****             break;
  77:quantum/keymap_common.c ****         case QK_FUNCTION ... QK_FUNCTION_MAX: ;
  78:quantum/keymap_common.c ****             // Is a shortcut for function action_layer, pull last 12bits
  79:quantum/keymap_common.c ****             // This means we have 4,096 FN macros at our disposal
  80:quantum/keymap_common.c ****             action.code = keymap_function_id_to_action( (int)keycode & 0xFFF );
  81:quantum/keymap_common.c ****             break;
  82:quantum/keymap_common.c ****         case QK_MACRO ... QK_MACRO_MAX:
  83:quantum/keymap_common.c ****             action.code = ACTION_MACRO(keycode & 0xFF);
  84:quantum/keymap_common.c ****             break;
  85:quantum/keymap_common.c ****         case QK_LAYER_TAP ... QK_LAYER_TAP_MAX:
  86:quantum/keymap_common.c ****             action.code = ACTION_LAYER_TAP_KEY((keycode >> 0x8) & 0xF, keycode & 0xFF);
  87:quantum/keymap_common.c ****             break;
  88:quantum/keymap_common.c ****         case QK_TO ... QK_TO_MAX: ;
  89:quantum/keymap_common.c ****             // Layer set "GOTO"
  90:quantum/keymap_common.c ****             when = (keycode >> 0x4) & 0x3;
  91:quantum/keymap_common.c ****             action_layer = keycode & 0xF;
  92:quantum/keymap_common.c ****             action.code = ACTION_LAYER_SET(action_layer, when);
  93:quantum/keymap_common.c ****             break;
  94:quantum/keymap_common.c ****         case QK_MOMENTARY ... QK_MOMENTARY_MAX: ;
  95:quantum/keymap_common.c ****             // Momentary action_layer
  96:quantum/keymap_common.c ****             action_layer = keycode & 0xFF;
  97:quantum/keymap_common.c ****             action.code = ACTION_LAYER_MOMENTARY(action_layer);
  98:quantum/keymap_common.c ****             break;
  99:quantum/keymap_common.c ****         case QK_DEF_LAYER ... QK_DEF_LAYER_MAX: ;
 100:quantum/keymap_common.c ****             // Set default action_layer
 101:quantum/keymap_common.c ****             action_layer = keycode & 0xFF;
 102:quantum/keymap_common.c ****             action.code = ACTION_DEFAULT_LAYER_SET(action_layer);
 103:quantum/keymap_common.c ****             break;
 104:quantum/keymap_common.c ****         case QK_TOGGLE_LAYER ... QK_TOGGLE_LAYER_MAX: ;
 105:quantum/keymap_common.c ****             // Set toggle
 106:quantum/keymap_common.c ****             action_layer = keycode & 0xFF;
 107:quantum/keymap_common.c ****             action.code = ACTION_LAYER_TOGGLE(action_layer);
 108:quantum/keymap_common.c ****             break;
 109:quantum/keymap_common.c ****         case QK_ONE_SHOT_LAYER ... QK_ONE_SHOT_LAYER_MAX: ;
 110:quantum/keymap_common.c ****             // OSL(action_layer) - One-shot action_layer
 111:quantum/keymap_common.c ****             action_layer = keycode & 0xFF;
 112:quantum/keymap_common.c ****             action.code = ACTION_LAYER_ONESHOT(action_layer);
 113:quantum/keymap_common.c ****             break;
 114:quantum/keymap_common.c ****         case QK_ONE_SHOT_MOD ... QK_ONE_SHOT_MOD_MAX: ;
 115:quantum/keymap_common.c ****             // OSM(mod) - One-shot mod
 116:quantum/keymap_common.c ****             mod = keycode & 0xFF;
 117:quantum/keymap_common.c ****             action.code = ACTION_MODS_ONESHOT(mod);
 118:quantum/keymap_common.c ****             break;
 119:quantum/keymap_common.c ****         case QK_MOD_TAP ... QK_MOD_TAP_MAX:
 120:quantum/keymap_common.c ****             action.code = ACTION_MODS_TAP_KEY((keycode >> 0x8) & 0xF, keycode & 0xFF);
 121:quantum/keymap_common.c ****             break;
 122:quantum/keymap_common.c ****     #ifdef BACKLIGHT_ENABLE
 123:quantum/keymap_common.c ****         case BL_0 ... BL_15:
 124:quantum/keymap_common.c ****             action.code = ACTION_BACKLIGHT_LEVEL(keycode - BL_0);
 125:quantum/keymap_common.c ****             break;
 126:quantum/keymap_common.c ****         case BL_DEC:
 127:quantum/keymap_common.c ****             action.code = ACTION_BACKLIGHT_DECREASE();
 128:quantum/keymap_common.c ****             break;
 129:quantum/keymap_common.c ****         case BL_INC:
 130:quantum/keymap_common.c ****             action.code = ACTION_BACKLIGHT_INCREASE();
 131:quantum/keymap_common.c ****             break;
 132:quantum/keymap_common.c ****         case BL_TOGG:
 133:quantum/keymap_common.c ****             action.code = ACTION_BACKLIGHT_TOGGLE();
 134:quantum/keymap_common.c ****             break;
 135:quantum/keymap_common.c ****         case BL_STEP:
 136:quantum/keymap_common.c ****             action.code = ACTION_BACKLIGHT_STEP();
 137:quantum/keymap_common.c ****             break;
 138:quantum/keymap_common.c ****     #endif
 139:quantum/keymap_common.c ****         default:
 140:quantum/keymap_common.c ****             action.code = ACTION_NO;
 141:quantum/keymap_common.c ****             break;
 142:quantum/keymap_common.c ****     }
 143:quantum/keymap_common.c ****     return action;
 144:quantum/keymap_common.c **** }
 145:quantum/keymap_common.c **** 
 146:quantum/keymap_common.c **** __attribute__ ((weak))
 147:quantum/keymap_common.c **** const uint16_t PROGMEM fn_actions[] = {
 148:quantum/keymap_common.c **** 
 149:quantum/keymap_common.c **** };
 150:quantum/keymap_common.c **** 
 151:quantum/keymap_common.c **** /* Macro */
 152:quantum/keymap_common.c **** __attribute__ ((weak))
 153:quantum/keymap_common.c **** const macro_t *action_get_macro(keyrecord_t *record, uint8_t id, uint8_t opt)
 154:quantum/keymap_common.c **** {
  16               		.loc 1 154 0
  17               		.cfi_startproc
  18               	.LVL0:
  19               	/* prologue: function */
  20               	/* frame size = 0 */
  21               	/* stack size = 0 */
  22               	.L__stack_usage = 0
 155:quantum/keymap_common.c ****     return MACRO_NONE;
 156:quantum/keymap_common.c **** }
  23               		.loc 1 156 0
  24 0000 80E0      		ldi r24,0
  25 0002 90E0      		ldi r25,0
  26               	.LVL1:
  27 0004 0895      		ret
  28               		.cfi_endproc
  29               	.LFE108:
  31               		.section	.text.action_function,"ax",@progbits
  32               		.weak	action_function
  34               	action_function:
  35               	.LFB109:
 157:quantum/keymap_common.c **** 
 158:quantum/keymap_common.c **** /* Function */
 159:quantum/keymap_common.c **** __attribute__ ((weak))
 160:quantum/keymap_common.c **** void action_function(keyrecord_t *record, uint8_t id, uint8_t opt)
 161:quantum/keymap_common.c **** {
  36               		.loc 1 161 0
  37               		.cfi_startproc
  38               	.LVL2:
  39               	/* prologue: function */
  40               	/* frame size = 0 */
  41               	/* stack size = 0 */
  42               	.L__stack_usage = 0
  43 0000 0895      		ret
  44               		.cfi_endproc
  45               	.LFE109:
  47               		.section	.text.keymap_key_to_keycode,"ax",@progbits
  48               		.weak	keymap_key_to_keycode
  50               	keymap_key_to_keycode:
  51               	.LFB110:
 162:quantum/keymap_common.c **** }
 163:quantum/keymap_common.c **** 
 164:quantum/keymap_common.c **** // translates key to keycode
 165:quantum/keymap_common.c **** __attribute__ ((weak))
 166:quantum/keymap_common.c **** uint16_t keymap_key_to_keycode(uint8_t layer, keypos_t key)
 167:quantum/keymap_common.c **** {
  52               		.loc 1 167 0
  53               		.cfi_startproc
  54               	.LVL3:
  55               	/* prologue: function */
  56               	/* frame size = 0 */
  57               	/* stack size = 0 */
  58               	.L__stack_usage = 0
  59               	.LBB2:
 168:quantum/keymap_common.c ****     // Read entire word (16bits)
 169:quantum/keymap_common.c ****     return pgm_read_word(&keymaps[(layer)][(key.row)][(key.col)]);
  60               		.loc 1 169 0
  61 0000 24E2      		ldi r18,lo8(36)
  62 0002 829F      		mul r24,r18
  63 0004 C001      		movw r24,r0
  64 0006 1124      		clr __zero_reg__
  65               	.LVL4:
  66 0008 FC01      		movw r30,r24
  67 000a 26E0      		ldi r18,lo8(6)
  68 000c 729F      		mul r23,r18
  69 000e E00D      		add r30,r0
  70 0010 F11D      		adc r31,r1
  71 0012 1124      		clr __zero_reg__
  72 0014 E60F      		add r30,r22
  73 0016 F11D      		adc r31,__zero_reg__
  74 0018 EE0F      		lsl r30
  75 001a FF1F      		rol r31
  76 001c E050      		subi r30,lo8(-(keymaps))
  77 001e F040      		sbci r31,hi8(-(keymaps))
  78               	.LVL5:
  79               	/* #APP */
  80               	 ;  169 "quantum/keymap_common.c" 1
  81 0020 8591      		lpm r24, Z+
  82 0022 9491      		lpm r25, Z
  83               		
  84               	 ;  0 "" 2
  85               	.LVL6:
  86               	/* #NOAPP */
  87               	.LBE2:
 170:quantum/keymap_common.c **** }
  88               		.loc 1 170 0
  89 0024 0895      		ret
  90               		.cfi_endproc
  91               	.LFE110:
  93               		.section	.text.keymap_function_id_to_action,"ax",@progbits
  94               		.weak	keymap_function_id_to_action
  96               	keymap_function_id_to_action:
  97               	.LFB111:
 171:quantum/keymap_common.c **** 
 172:quantum/keymap_common.c **** // translates function id to action
 173:quantum/keymap_common.c **** __attribute__ ((weak))
 174:quantum/keymap_common.c **** uint16_t keymap_function_id_to_action( uint16_t function_id )
 175:quantum/keymap_common.c **** {
  98               		.loc 1 175 0
  99               		.cfi_startproc
 100               	.LVL7:
 101               	/* prologue: function */
 102               	/* frame size = 0 */
 103               	/* stack size = 0 */
 104               	.L__stack_usage = 0
 105               	.LBB3:
 176:quantum/keymap_common.c **** 	return pgm_read_word(&fn_actions[function_id]);
 106               		.loc 1 176 0
 107 0000 880F      		lsl r24
 108 0002 991F      		rol r25
 109               	.LVL8:
 110 0004 FC01      		movw r30,r24
 111 0006 E050      		subi r30,lo8(-(fn_actions))
 112 0008 F040      		sbci r31,hi8(-(fn_actions))
 113               	.LVL9:
 114               	/* #APP */
 115               	 ;  176 "quantum/keymap_common.c" 1
 116 000a 8591      		lpm r24, Z+
 117 000c 9491      		lpm r25, Z
 118               		
 119               	 ;  0 "" 2
 120               	.LVL10:
 121               	/* #NOAPP */
 122               	.LBE3:
 177:quantum/keymap_common.c **** }
 123               		.loc 1 177 0
 124 000e 0895      		ret
 125               		.cfi_endproc
 126               	.LFE111:
 128               		.section	.text.action_for_key,"ax",@progbits
 129               	.global	action_for_key
 131               	action_for_key:
 132               	.LFB107:
  42:quantum/keymap_common.c ****     // 16bit keycodes - important
 133               		.loc 1 42 0
 134               		.cfi_startproc
 135               	.LVL11:
 136               	/* prologue: function */
 137               	/* frame size = 0 */
 138               	/* stack size = 0 */
 139               	.L__stack_usage = 0
  44:quantum/keymap_common.c **** 
 140               		.loc 1 44 0
 141 0000 0E94 0000 		call keymap_key_to_keycode
 142               	.LVL12:
  47:quantum/keymap_common.c **** 
 143               		.loc 1 47 0
 144 0004 0E94 0000 		call keycode_config
 145               	.LVL13:
  52:quantum/keymap_common.c ****         case KC_FN0 ... KC_FN31:
 146               		.loc 1 52 0
 147 0008 8115      		cp r24,__zero_reg__
 148 000a 20E4      		ldi r18,64
 149 000c 9207      		cpc r25,r18
 150 000e 00F4      		brsh .L7
 151 0010 8115      		cp r24,__zero_reg__
 152 0012 40E3      		ldi r20,48
 153 0014 9407      		cpc r25,r20
 154 0016 00F0      		brlo .+2
 155 0018 00C0      		rjmp .L8
 156 001a 803E      		cpi r24,-32
 157 001c 9105      		cpc r25,__zero_reg__
 158 001e 00F4      		brsh .L9
 159 0020 803C      		cpi r24,-64
 160 0022 9105      		cpc r25,__zero_reg__
 161 0024 00F0      		brlo .+2
 162 0026 00C0      		rjmp .L10
 163 0028 883A      		cpi r24,-88
 164 002a 9105      		cpc r25,__zero_reg__
 165 002c 00F4      		brsh .L11
 166 002e 853A      		cpi r24,-91
 167 0030 9105      		cpc r25,__zero_reg__
 168 0032 00F0      		brlo .+2
 169 0034 00C0      		rjmp .L12
 170 0036 8130      		cpi r24,1
 171 0038 9105      		cpc r25,__zero_reg__
 172 003a 01F4      		brne .+2
 173 003c 00C0      		rjmp .L13
 174 003e 00F4      		brsh .+2
 175 0040 00C0      		rjmp .L6
 176 0042 8430      		cpi r24,4
 177 0044 9105      		cpc r25,__zero_reg__
 178 0046 00F0      		brlo .+2
 179 0048 00C0      		rjmp .L13
 180 004a 00C0      		rjmp .L6
 181               	.L11:
 182 004c 8D3B      		cpi r24,-67
 183 004e 9105      		cpc r25,__zero_reg__
 184 0050 00F4      		brsh .+2
 185 0052 00C0      		rjmp .L54
 186 0054 00C0      		rjmp .L6
 187               	.L9:
 188 0056 8F3F      		cpi r24,-1
 189 0058 9105      		cpc r25,__zero_reg__
 190 005a 01F0      		breq .+2
 191 005c 00F4      		brsh .L15
 192 005e 803F      		cpi r24,-16
 193 0060 9105      		cpc r25,__zero_reg__
 194 0062 00F0      		brlo .+2
 195 0064 00C0      		rjmp .L16
 196 0066 883E      		cpi r24,-24
 197 0068 9105      		cpc r25,__zero_reg__
 198 006a 00F4      		brsh .+2
 199 006c 00C0      		rjmp .L13
 200 006e 00C0      		rjmp .L6
 201               	.L15:
 202 0070 8115      		cp r24,__zero_reg__
 203 0072 20E2      		ldi r18,32
 204 0074 9207      		cpc r25,r18
 205 0076 00F0      		brlo .+2
 206 0078 00C0      		rjmp .L55
 207 007a 0895      		ret
 208               	.L7:
 209 007c 8115      		cp r24,__zero_reg__
 210 007e 43E5      		ldi r20,83
 211 0080 9407      		cpc r25,r20
 212 0082 00F4      		brsh .L18
 213 0084 8115      		cp r24,__zero_reg__
 214 0086 22E5      		ldi r18,82
 215 0088 9207      		cpc r25,r18
 216 008a 00F0      		brlo .+2
 217 008c 00C0      		rjmp .L19
 218 008e 8115      		cp r24,__zero_reg__
 219 0090 41E5      		ldi r20,81
 220 0092 9407      		cpc r25,r20
 221 0094 00F0      		brlo .+2
 222 0096 00C0      		rjmp .L20
 223 0098 8115      		cp r24,__zero_reg__
 224 009a 20E5      		ldi r18,80
 225 009c 9207      		cpc r25,r18
 226 009e 00F0      		brlo .+2
 227 00a0 00C0      		rjmp .L62
  86:quantum/keymap_common.c ****             break;
 228               		.loc 1 86 0
 229 00a2 9F70      		andi r25,15
 230               	.LVL14:
 231 00a4 906A      		ori r25,160
 232               	.LVL15:
  87:quantum/keymap_common.c ****         case QK_TO ... QK_TO_MAX: ;
 233               		.loc 1 87 0
 234 00a6 0895      		ret
 235               	.LVL16:
 236               	.L18:
  52:quantum/keymap_common.c ****         case KC_FN0 ... KC_FN31:
 237               		.loc 1 52 0
 238 00a8 8115      		cp r24,__zero_reg__
 239 00aa 45E5      		ldi r20,85
 240 00ac 9407      		cpc r25,r20
 241 00ae 00F4      		brsh .L23
 242 00b0 8115      		cp r24,__zero_reg__
 243 00b2 24E5      		ldi r18,84
 244 00b4 9207      		cpc r25,r18
 245 00b6 00F0      		brlo .+2
 246 00b8 00C0      		rjmp .L63
 247               	.LVL17:
 107:quantum/keymap_common.c ****             break;
 248               		.loc 1 107 0
 249 00ba 9C01      		movw r18,r24
 250 00bc 2370      		andi r18,3
 251 00be 3327      		clr r19
 252 00c0 41E0      		ldi r20,lo8(1)
 253 00c2 50E0      		ldi r21,0
 254 00c4 00C0      		rjmp 2f
 255               		1:
 256 00c6 440F      		lsl r20
 257 00c8 551F      		rol r21
 258               		2:
 259 00ca 2A95      		dec r18
 260 00cc 02F4      		brpl 1b
 261 00ce 282F      		mov r18,r24
 262 00d0 2695      		lsr r18
 263 00d2 2695      		lsr r18
 264 00d4 80E2      		ldi r24,lo8(32)
 265               	.LVL18:
 266 00d6 289F      		mul r18,r24
 267 00d8 9001      		movw r18,r0
 268 00da 1124      		clr __zero_reg__
 269 00dc CA01      		movw r24,r20
 270 00de 822B      		or r24,r18
 271 00e0 932B      		or r25,r19
 272 00e2 9A68      		ori r25,138
 273               	.LVL19:
 108:quantum/keymap_common.c ****         case QK_ONE_SHOT_LAYER ... QK_ONE_SHOT_LAYER_MAX: ;
 274               		.loc 1 108 0
 275 00e4 0895      		ret
 276               	.LVL20:
 277               	.L23:
  52:quantum/keymap_common.c ****         case KC_FN0 ... KC_FN31:
 278               		.loc 1 52 0
 279 00e6 8115      		cp r24,__zero_reg__
 280 00e8 46E5      		ldi r20,86
 281 00ea 9407      		cpc r25,r20
 282 00ec 00F4      		brsh .+2
 283 00ee 00C0      		rjmp .L26
 284 00f0 9C01      		movw r18,r24
 285 00f2 3056      		subi r19,96
 286 00f4 2115      		cp r18,__zero_reg__
 287 00f6 3041      		sbci r19,16
 288 00f8 00F0      		brlo .+2
 289 00fa 00C0      		rjmp .L6
 120:quantum/keymap_common.c ****             break;
 290               		.loc 1 120 0
 291 00fc 9F70      		andi r25,15
 292               	.LVL21:
 293 00fe 00C0      		rjmp .L60
 294               	.LVL22:
 295               	.L10:
  54:quantum/keymap_common.c ****             break;
 296               		.loc 1 54 0
 297 0100 805C      		subi r24,-64
 298 0102 9109      		sbc r25,__zero_reg__
 299               	.LVL23:
 300 0104 00C0      		rjmp .L59
 301               	.LVL24:
 302               	.L12:
  61:quantum/keymap_common.c ****             break;
 303               		.loc 1 61 0
 304 0106 853A      		cpi r24,-91
 305 0108 9105      		cpc r25,__zero_reg__
 306 010a 01F4      		brne .+2
 307 010c 00C0      		rjmp .L28
  61:quantum/keymap_common.c ****             break;
 308               		.loc 1 61 0 is_stmt 0 discriminator 1
 309 010e 863A      		cpi r24,-90
 310 0110 9105      		cpc r25,__zero_reg__
 311 0112 01F0      		breq .+2
 312 0114 00C0      		rjmp .L29
  61:quantum/keymap_common.c ****             break;
 313               		.loc 1 61 0
 314 0116 82E8      		ldi r24,lo8(-126)
 315 0118 90E4      		ldi r25,lo8(64)
 316               	.LVL25:
 317 011a 0895      		ret
 318               	.LVL26:
 319               	.L54:
  64:quantum/keymap_common.c ****             break;
 320               		.loc 1 64 0 is_stmt 1
 321 011c 883A      		cpi r24,-88
 322 011e 9105      		cpc r25,__zero_reg__
 323 0120 01F4      		brne .+2
 324 0122 00C0      		rjmp .L30
  64:quantum/keymap_common.c ****             break;
 325               		.loc 1 64 0 is_stmt 0 discriminator 1
 326 0124 893A      		cpi r24,-87
 327 0126 9105      		cpc r25,__zero_reg__
 328 0128 01F4      		brne .+2
 329 012a 00C0      		rjmp .L31
  64:quantum/keymap_common.c ****             break;
 330               		.loc 1 64 0 discriminator 3
 331 012c 8A3A      		cpi r24,-86
 332 012e 9105      		cpc r25,__zero_reg__
 333 0130 01F4      		brne .+2
 334 0132 00C0      		rjmp .L32
  64:quantum/keymap_common.c ****             break;
 335               		.loc 1 64 0 discriminator 5
 336 0134 8B3A      		cpi r24,-85
 337 0136 9105      		cpc r25,__zero_reg__
 338 0138 01F4      		brne .+2
 339 013a 00C0      		rjmp .L33
  64:quantum/keymap_common.c ****             break;
 340               		.loc 1 64 0 discriminator 7
 341 013c 8C3A      		cpi r24,-84
 342 013e 9105      		cpc r25,__zero_reg__
 343 0140 01F4      		brne .+2
 344 0142 00C0      		rjmp .L34
  64:quantum/keymap_common.c ****             break;
 345               		.loc 1 64 0 discriminator 9
 346 0144 8B3B      		cpi r24,-69
 347 0146 9105      		cpc r25,__zero_reg__
 348 0148 01F4      		brne .+2
 349 014a 00C0      		rjmp .L35
  64:quantum/keymap_common.c ****             break;
 350               		.loc 1 64 0 discriminator 11
 351 014c 8C3B      		cpi r24,-68
 352 014e 9105      		cpc r25,__zero_reg__
 353 0150 01F4      		brne .+2
 354 0152 00C0      		rjmp .L36
  64:quantum/keymap_common.c ****             break;
 355               		.loc 1 64 0 discriminator 13
 356 0154 8D3A      		cpi r24,-83
 357 0156 9105      		cpc r25,__zero_reg__
 358 0158 01F4      		brne .+2
 359 015a 00C0      		rjmp .L37
  64:quantum/keymap_common.c ****             break;
 360               		.loc 1 64 0 discriminator 15
 361 015c 803B      		cpi r24,-80
 362 015e 9105      		cpc r25,__zero_reg__
 363 0160 01F4      		brne .+2
 364 0162 00C0      		rjmp .L38
  64:quantum/keymap_common.c ****             break;
 365               		.loc 1 64 0 discriminator 17
 366 0164 8E3A      		cpi r24,-82
 367 0166 9105      		cpc r25,__zero_reg__
 368 0168 01F4      		brne .+2
 369 016a 00C0      		rjmp .L39
  64:quantum/keymap_common.c ****             break;
 370               		.loc 1 64 0 discriminator 19
 371 016c 8F3A      		cpi r24,-81
 372 016e 9105      		cpc r25,__zero_reg__
 373 0170 01F4      		brne .+2
 374 0172 00C0      		rjmp .L40
  64:quantum/keymap_common.c ****             break;
 375               		.loc 1 64 0 discriminator 21
 376 0174 813B      		cpi r24,-79
 377 0176 9105      		cpc r25,__zero_reg__
 378 0178 01F4      		brne .+2
 379 017a 00C0      		rjmp .L41
  64:quantum/keymap_common.c ****             break;
 380               		.loc 1 64 0 discriminator 23
 381 017c 823B      		cpi r24,-78
 382 017e 9105      		cpc r25,__zero_reg__
 383 0180 01F4      		brne .+2
 384 0182 00C0      		rjmp .L42
  64:quantum/keymap_common.c ****             break;
 385               		.loc 1 64 0 discriminator 25
 386 0184 833B      		cpi r24,-77
 387 0186 9105      		cpc r25,__zero_reg__
 388 0188 01F4      		brne .+2
 389 018a 00C0      		rjmp .L43
  64:quantum/keymap_common.c ****             break;
 390               		.loc 1 64 0 discriminator 27
 391 018c 843B      		cpi r24,-76
 392 018e 9105      		cpc r25,__zero_reg__
 393 0190 01F4      		brne .+2
 394 0192 00C0      		rjmp .L44
  64:quantum/keymap_common.c ****             break;
 395               		.loc 1 64 0 discriminator 29
 396 0194 853B      		cpi r24,-75
 397 0196 9105      		cpc r25,__zero_reg__
 398 0198 01F4      		brne .+2
 399 019a 00C0      		rjmp .L45
  64:quantum/keymap_common.c ****             break;
 400               		.loc 1 64 0 discriminator 31
 401 019c 863B      		cpi r24,-74
 402 019e 9105      		cpc r25,__zero_reg__
 403 01a0 01F4      		brne .+2
 404 01a2 00C0      		rjmp .L46
  64:quantum/keymap_common.c ****             break;
 405               		.loc 1 64 0 discriminator 33
 406 01a4 873B      		cpi r24,-73
 407 01a6 9105      		cpc r25,__zero_reg__
 408 01a8 01F4      		brne .+2
 409 01aa 00C0      		rjmp .L47
  64:quantum/keymap_common.c ****             break;
 410               		.loc 1 64 0 discriminator 35
 411 01ac 883B      		cpi r24,-72
 412 01ae 9105      		cpc r25,__zero_reg__
 413 01b0 01F4      		brne .+2
 414 01b2 00C0      		rjmp .L48
  64:quantum/keymap_common.c ****             break;
 415               		.loc 1 64 0 discriminator 37
 416 01b4 893B      		cpi r24,-71
 417 01b6 9105      		cpc r25,__zero_reg__
 418 01b8 01F4      		brne .+2
 419 01ba 00C0      		rjmp .L49
  64:quantum/keymap_common.c ****             break;
 420               		.loc 1 64 0 discriminator 39
 421 01bc 8A3B      		cpi r24,-70
 422 01be 9105      		cpc r25,__zero_reg__
 423 01c0 01F4      		brne .+2
 424 01c2 00C0      		rjmp .L50
  64:quantum/keymap_common.c ****             break;
 425               		.loc 1 64 0
 426 01c4 80E0      		ldi r24,0
 427 01c6 94E4      		ldi r25,lo8(68)
 428               	.LVL27:
 429 01c8 0895      		ret
 430               	.LVL28:
 431               	.L16:
  67:quantum/keymap_common.c ****             break;
 432               		.loc 1 67 0 is_stmt 1
 433 01ca 9065      		ori r25,80
 434               	.LVL29:
  68:quantum/keymap_common.c ****         case KC_TRNS:
 435               		.loc 1 68 0
 436 01cc 0895      		ret
 437               	.LVL30:
 438               	.L55:
  80:quantum/keymap_common.c ****             break;
 439               		.loc 1 80 0
 440 01ce 9F70      		andi r25,15
 441               	.LVL31:
 442               	.L59:
 443 01d0 0E94 0000 		call keymap_function_id_to_action
 444               	.LVL32:
  81:quantum/keymap_common.c ****         case QK_MACRO ... QK_MACRO_MAX:
 445               		.loc 1 81 0
 446 01d4 0895      		ret
 447               	.LVL33:
 448               	.L8:
  83:quantum/keymap_common.c ****             break;
 449               		.loc 1 83 0
 450 01d6 9927      		clr r25
 451               	.LVL34:
 452 01d8 906C      		ori r25,192
 453               	.LVL35:
  84:quantum/keymap_common.c ****         case QK_LAYER_TAP ... QK_LAYER_TAP_MAX:
 454               		.loc 1 84 0
 455 01da 0895      		ret
 456               	.LVL36:
 457               	.L62:
  92:quantum/keymap_common.c ****             break;
 458               		.loc 1 92 0
 459 01dc 9C01      		movw r18,r24
 460 01de 54E0      		ldi r21,4
 461               		1:
 462 01e0 3695      		lsr r19
 463 01e2 2795      		ror r18
 464 01e4 5A95      		dec r21
 465 01e6 01F4      		brne 1b
 466 01e8 922F      		mov r25,r18
 467 01ea 9370      		andi r25,lo8(3)
 468 01ec 482F      		mov r20,r24
 469 01ee 4370      		andi r20,lo8(3)
 470 01f0 21E0      		ldi r18,lo8(1)
 471 01f2 30E0      		ldi r19,0
 472 01f4 00C0      		rjmp 2f
 473               		1:
 474 01f6 220F      		lsl r18
 475 01f8 331F      		rol r19
 476               		2:
 477 01fa 4A95      		dec r20
 478 01fc 02F4      		brpl 1b
 479 01fe 3C68      		ori r19,140
 480 0200 392B      		or r19,r25
 481 0202 8F70      		andi r24,lo8(15)
 482               	.LVL37:
 483 0204 8695      		lsr r24
 484 0206 8695      		lsr r24
 485 0208 40E2      		ldi r20,lo8(32)
 486 020a 849F      		mul r24,r20
 487 020c C001      		movw r24,r0
 488 020e 1124      		clr __zero_reg__
 489 0210 822B      		or r24,r18
 490 0212 932B      		or r25,r19
 491               	.LVL38:
  93:quantum/keymap_common.c ****         case QK_MOMENTARY ... QK_MOMENTARY_MAX: ;
 492               		.loc 1 93 0
 493 0214 0895      		ret
 494               	.LVL39:
 495               	.L20:
  97:quantum/keymap_common.c ****             break;
 496               		.loc 1 97 0
 497 0216 982F      		mov r25,r24
 498 0218 8827      		clr r24
 499               	.LVL40:
 500 021a 816F      		ori r24,241
 501 021c 906A      		ori r25,160
 502               	.LVL41:
  98:quantum/keymap_common.c ****         case QK_DEF_LAYER ... QK_DEF_LAYER_MAX: ;
 503               		.loc 1 98 0
 504 021e 0895      		ret
 505               	.LVL42:
 506               	.L19:
 102:quantum/keymap_common.c ****             break;
 507               		.loc 1 102 0
 508 0220 9C01      		movw r18,r24
 509 0222 2370      		andi r18,3
 510 0224 3327      		clr r19
 511 0226 41E0      		ldi r20,lo8(1)
 512 0228 50E0      		ldi r21,0
 513 022a 00C0      		rjmp 2f
 514               		1:
 515 022c 440F      		lsl r20
 516 022e 551F      		rol r21
 517               		2:
 518 0230 2A95      		dec r18
 519 0232 02F4      		brpl 1b
 520 0234 282F      		mov r18,r24
 521 0236 2695      		lsr r18
 522 0238 2695      		lsr r18
 523 023a 80E2      		ldi r24,lo8(32)
 524               	.LVL43:
 525 023c 289F      		mul r18,r24
 526 023e 9001      		movw r18,r0
 527 0240 1124      		clr __zero_reg__
 528 0242 CA01      		movw r24,r20
 529 0244 822B      		or r24,r18
 530 0246 932B      		or r25,r19
 531 0248 9C68      		ori r25,140
 532               	.LVL44:
 103:quantum/keymap_common.c ****         case QK_TOGGLE_LAYER ... QK_TOGGLE_LAYER_MAX: ;
 533               		.loc 1 103 0
 534 024a 0895      		ret
 535               	.LVL45:
 536               	.L63:
 112:quantum/keymap_common.c ****             break;
 537               		.loc 1 112 0
 538 024c 982F      		mov r25,r24
 539 024e 8827      		clr r24
 540               	.LVL46:
 541 0250 846F      		ori r24,244
 542 0252 906A      		ori r25,160
 543               	.LVL47:
 113:quantum/keymap_common.c ****         case QK_ONE_SHOT_MOD ... QK_ONE_SHOT_MOD_MAX: ;
 544               		.loc 1 113 0
 545 0254 0895      		ret
 546               	.LVL48:
 547               	.L26:
 117:quantum/keymap_common.c ****             break;
 548               		.loc 1 117 0
 549 0256 8F71      		andi r24,31
 550 0258 9927      		clr r25
 551               	.LVL49:
 552 025a 982F      		mov r25,r24
 553 025c 8827      		clr r24
 554               	.L60:
 120:quantum/keymap_common.c ****             break;
 555               		.loc 1 120 0
 556 025e 9062      		ori r25,32
 557               	.LVL50:
 121:quantum/keymap_common.c ****     #ifdef BACKLIGHT_ENABLE
 558               		.loc 1 121 0
 559 0260 0895      		ret
 560               	.LVL51:
 561               	.L6:
 140:quantum/keymap_common.c ****             break;
 562               		.loc 1 140 0
 563 0262 80E0      		ldi r24,0
 564 0264 90E0      		ldi r25,0
 565               	.LVL52:
 141:quantum/keymap_common.c ****     }
 566               		.loc 1 141 0
 567 0266 0895      		ret
 568               	.LVL53:
 569               	.L28:
  61:quantum/keymap_common.c ****             break;
 570               		.loc 1 61 0
 571 0268 81E8      		ldi r24,lo8(-127)
 572 026a 90E4      		ldi r25,lo8(64)
 573               	.LVL54:
 574 026c 0895      		ret
 575               	.LVL55:
 576               	.L29:
 577 026e 83E8      		ldi r24,lo8(-125)
 578 0270 90E4      		ldi r25,lo8(64)
 579               	.LVL56:
 580 0272 0895      		ret
 581               	.LVL57:
 582               	.L30:
  64:quantum/keymap_common.c ****             break;
 583               		.loc 1 64 0
 584 0274 82EE      		ldi r24,lo8(-30)
 585 0276 94E4      		ldi r25,lo8(68)
 586               	.LVL58:
 587 0278 0895      		ret
 588               	.LVL59:
 589               	.L31:
 590 027a 89EE      		ldi r24,lo8(-23)
 591 027c 94E4      		ldi r25,lo8(68)
 592               	.LVL60:
 593 027e 0895      		ret
 594               	.LVL61:
 595               	.L32:
 596 0280 8AEE      		ldi r24,lo8(-22)
 597 0282 94E4      		ldi r25,lo8(68)
 598               	.LVL62:
 599 0284 0895      		ret
 600               	.LVL63:
 601               	.L33:
 602 0286 85EB      		ldi r24,lo8(-75)
 603 0288 94E4      		ldi r25,lo8(68)
 604               	.LVL64:
 605 028a 0895      		ret
 606               	.LVL65:
 607               	.L34:
 608 028c 86EB      		ldi r24,lo8(-74)
 609 028e 94E4      		ldi r25,lo8(68)
 610               	.LVL66:
 611 0290 0895      		ret
 612               	.LVL67:
 613               	.L35:
 614 0292 83EB      		ldi r24,lo8(-77)
 615 0294 94E4      		ldi r25,lo8(68)
 616               	.LVL68:
 617 0296 0895      		ret
 618               	.LVL69:
 619               	.L36:
 620 0298 84EB      		ldi r24,lo8(-76)
 621 029a 94E4      		ldi r25,lo8(68)
 622               	.LVL70:
 623 029c 0895      		ret
 624               	.LVL71:
 625               	.L37:
 626 029e 87EB      		ldi r24,lo8(-73)
 627 02a0 94E4      		ldi r25,lo8(68)
 628               	.LVL72:
 629 02a2 0895      		ret
 630               	.LVL73:
 631               	.L38:
 632 02a4 8CEC      		ldi r24,lo8(-52)
 633 02a6 94E4      		ldi r25,lo8(68)
 634               	.LVL74:
 635 02a8 0895      		ret
 636               	.LVL75:
 637               	.L39:
 638 02aa 8DEC      		ldi r24,lo8(-51)
 639 02ac 94E4      		ldi r25,lo8(68)
 640               	.LVL76:
 641 02ae 0895      		ret
 642               	.LVL77:
 643               	.L40:
 644 02b0 83E8      		ldi r24,lo8(-125)
 645 02b2 95E4      		ldi r25,lo8(69)
 646               	.LVL78:
 647 02b4 0895      		ret
 648               	.LVL79:
 649               	.L41:
 650 02b6 8AE8      		ldi r24,lo8(-118)
 651 02b8 95E4      		ldi r25,lo8(69)
 652               	.LVL80:
 653 02ba 0895      		ret
 654               	.LVL81:
 655               	.L42:
 656 02bc 82E9      		ldi r24,lo8(-110)
 657 02be 95E4      		ldi r25,lo8(69)
 658               	.LVL82:
 659 02c0 0895      		ret
 660               	.LVL83:
 661               	.L43:
 662 02c2 84E9      		ldi r24,lo8(-108)
 663 02c4 95E4      		ldi r25,lo8(69)
 664               	.LVL84:
 665 02c6 0895      		ret
 666               	.LVL85:
 667               	.L44:
 668 02c8 81E2      		ldi r24,lo8(33)
 669 02ca 96E4      		ldi r25,lo8(70)
 670               	.LVL86:
 671 02cc 0895      		ret
 672               	.LVL87:
 673               	.L45:
 674 02ce 83E2      		ldi r24,lo8(35)
 675 02d0 96E4      		ldi r25,lo8(70)
 676               	.LVL88:
 677 02d2 0895      		ret
 678               	.LVL89:
 679               	.L46:
 680 02d4 84E2      		ldi r24,lo8(36)
 681 02d6 96E4      		ldi r25,lo8(70)
 682               	.LVL90:
 683 02d8 0895      		ret
 684               	.LVL91:
 685               	.L47:
 686 02da 85E2      		ldi r24,lo8(37)
 687 02dc 96E4      		ldi r25,lo8(70)
 688               	.LVL92:
 689 02de 0895      		ret
 690               	.LVL93:
 691               	.L48:
 692 02e0 86E2      		ldi r24,lo8(38)
 693 02e2 96E4      		ldi r25,lo8(70)
 694               	.LVL94:
 695 02e4 0895      		ret
 696               	.LVL95:
 697               	.L49:
 698 02e6 87E2      		ldi r24,lo8(39)
 699 02e8 96E4      		ldi r25,lo8(70)
 700               	.LVL96:
 701 02ea 0895      		ret
 702               	.LVL97:
 703               	.L50:
 704 02ec 8AE2      		ldi r24,lo8(42)
 705 02ee 96E4      		ldi r25,lo8(70)
 706               	.LVL98:
 707               	.L13:
 144:quantum/keymap_common.c **** 
 708               		.loc 1 144 0
 709 02f0 0895      		ret
 710               		.cfi_endproc
 711               	.LFE107:
 713               		.weak	fn_actions
 714               		.section	.progmem.data.fn_actions,"a",@progbits
 717               	fn_actions:
 718               		.text
 719               	.Letext0:
 720               		.file 2 "/usr/lib/avr/include/stdint.h"
 721               		.file 3 "./tmk_core/common/keyboard.h"
 722               		.file 4 "./tmk_core/common/keycode.h"
 723               		.file 5 "./tmk_core/common/action_code.h"
 724               		.file 6 "./tmk_core/common/action_macro.h"
 725               		.file 7 "./tmk_core/common/action.h"
 726               		.file 8 "quantum/quantum_keycodes.h"
 727               		.file 9 "./tmk_core/protocol/lufa/LUFA-git/LUFA/Drivers/USB/Core/USBTask.h"
 728               		.file 10 "quantum/keymap.h"
 729               		.file 11 "quantum/keycode_config.h"
DEFINED SYMBOLS
                            *ABS*:0000000000000000 keymap_common.c
     /tmp/ccLJaMsc.s:2      *ABS*:000000000000003e __SP_H__
     /tmp/ccLJaMsc.s:3      *ABS*:000000000000003d __SP_L__
     /tmp/ccLJaMsc.s:4      *ABS*:000000000000003f __SREG__
     /tmp/ccLJaMsc.s:5      *ABS*:0000000000000000 __tmp_reg__
     /tmp/ccLJaMsc.s:6      *ABS*:0000000000000001 __zero_reg__
     /tmp/ccLJaMsc.s:13     .text.action_get_macro:0000000000000000 action_get_macro
     /tmp/ccLJaMsc.s:34     .text.action_function:0000000000000000 action_function
     /tmp/ccLJaMsc.s:50     .text.keymap_key_to_keycode:0000000000000000 keymap_key_to_keycode
     /tmp/ccLJaMsc.s:96     .text.keymap_function_id_to_action:0000000000000000 keymap_function_id_to_action
     /tmp/ccLJaMsc.s:717    .progmem.data.fn_actions:0000000000000000 fn_actions
     /tmp/ccLJaMsc.s:131    .text.action_for_key:0000000000000000 action_for_key

UNDEFINED SYMBOLS
keymaps
keycode_config
